iMPACT Version: 13.4

iMPACT log file Started on Tue Oct 23 16:50:50 2012

Welcome to iMPACT
iMPACT Version: 13.4
// *** BATCH CMD : loadProjectFile -file "/home/lerwys/impact/dbe_proj.ipf"
INFO:iMPACT - Failed to open file: -- File ? --, replace with 'bypass'.
INFO:iMPACT:1777 - 
   Reading /opt/Xilinx/13.4/ISE_DS/ISE/acecf/data/xccace.bsd...
INFO:iMPACT:501 - '1': Added Device xccace successfully.
----------------------------------------------------------------------
'2': Loading file'/home/lerwys/Repos/bpm-sw/hdl/syn/dbe_bpm_simple/dbe_bpm_simple_top.bit' ...
done.
INFO:iMPACT:1777 - 
   Reading /opt/Xilinx/13.4/ISE_DS/ISE/virtex6/data/xc6vlx240t.bsd...
INFO:iMPACT:2257 - Startup Clock has been changed to 'JtagClk' in the bitstream   stored in memory,
   but the original bitstream file remains unchanged.
UserID read from the bitstream file = 0xFFFFFFFF.
INFO:iMPACT:501 - '2': Added Device xc6vlx240t successfully.
----------------------------------------------------------------------
Active mode is BS
// *** BATCH CMD : setMode -ss
// *** BATCH CMD : setMode -sm
// *** BATCH CMD : setMode -hw140
// *** BATCH CMD : setMode -spi
// *** BATCH CMD : setMode -acecf
// *** BATCH CMD : setMode -acempm
// *** BATCH CMD : setMode -pff
// *** BATCH CMD : setMode -bs
Project: '/home/lerwys/impact/dbe_proj.ipf' loaded.
GUI --- Auto connect to cable...
// *** BATCH CMD : setCable -port auto
INFO:iMPACT - Digilent Plugin: no JTAG device was found.
AutoDetecting cable. Please wait.
PROGRESS_START - Starting Operation.
 Cable is LOCKED. Retrying...
 The cable is being used by another application.
 Please try opening the cable connection at a later time.
Connecting to cable (Parallel Port - parport0).
 Linux release = 3.2.0-32-generic.
WARNING:iMPACT -  Module windrvr6 is not loaded. Please reinstall the cable   drivers. See Answer Record 22648.
Cable connection failed.
Connecting to cable (Parallel Port - parport1).
 Linux release = 3.2.0-32-generic.
WARNING:iMPACT -  Module windrvr6 is not loaded. Please reinstall the cable   drivers. See Answer Record 22648.
Cable connection failed.
Connecting to cable (Parallel Port - parport2).
 Linux release = 3.2.0-32-generic.
WARNING:iMPACT -  Module windrvr6 is not loaded. Please reinstall the cable   drivers. See Answer Record 22648.
Cable connection failed.
Connecting to cable (Parallel Port - parport3).
 Linux release = 3.2.0-32-generic.
WARNING:iMPACT -  Module windrvr6 is not loaded. Please reinstall the cable   drivers. See Answer Record 22648.
Cable connection failed.
PROGRESS_END - End Operation.
Elapsed time =     13 sec.
Cable autodetection failed.
WARNING:iMPACT:923 - Can not find cable, check cable setup !